['./data/traffic/period-11.csv', './data/traffic/period-13.csv', './data/traffic/period-7.csv', './data/traffic/period-9.csv', './data/traffic/period-12.csv', './data/traffic/period-8.csv', './data/traffic/period-10.csv']
开始分析./data/traffic/period-10.csv
category构建开始: 0.0
category构建开始: 1.0
category构建开始: 2.0
category构建开始: 3.0
category构建开始: 4.0
category构建开始: 5.0
完成分析./data/traffic/period-10.csv
16128
action VS pred_action: [[ 4.4975  6.4524]
 [ 0.      0.    ]
 [ 7.537   7.5478]
 [ 0.      0.    ]
 [ 7.2901  9.0436]
 [13.3801  9.8631]
 [ 8.1364  8.3685]
 [ 6.4249 10.3781]
 [10.5     8.8159]
 [10.5    14.8688]
 [16.2441 16.3719]
 [12.8621 12.3942]
 [ 4.1474  7.9915]
 [ 0.      1.0635]
 [17.2745 20.9679]
 [ 4.7701  5.2908]
 [ 8.7288  9.1271]
 [ 0.      0.4304]
 [ 0.      3.0159]
 [19.3383 15.9455]
 [ 7.9032  8.0168]
 [ 5.2304  4.3298]
 [ 1.     10.3297]
 [ 9.1785  9.1644]
 [ 7.4598  7.8054]
 [ 9.3174  9.2499]
 [ 6.1935  5.0945]
 [ 9.8619 11.7656]
 [ 4.2786  3.938 ]
 [10.5    10.5417]
 [10.754  10.8791]
 [18.2347 14.3672]
 [10.0671  9.4561]
 [ 0.      0.5896]
 [ 7.6487  8.6207]
 [10.5    11.7383]
 [ 8.6269  8.9566]
 [ 6.0283  5.2555]
 [ 6.4536  7.4787]
 [10.2431 11.2964]
 [ 8.1837 10.8219]
 [ 2.9185  3.5389]
 [ 0.      0.7718]
 [ 9.7166 10.6946]
 [ 6.6861  7.5683]
 [ 5.6499  6.6875]
 [ 9.3668 10.2069]
 [14.7967 17.507 ]
 [10.0355  9.504 ]
 [26.4058 29.0793]
 [18.     14.2551]
 [26.5471 17.6319]
 [ 9.0578  9.6964]
 [22.0783 20.3082]
 [ 6.6619  6.5394]
 [ 0.      0.7863]
 [ 6.5853  8.2949]
 [ 0.      0.    ]
 [ 6.6897  6.7903]
 [14.7735  9.9804]
 [15.241  16.4475]
 [ 9.981   8.9728]
 [ 0.      0.3888]
 [16.7308 15.3877]
 [ 5.6499  4.5573]
 [ 9.1413  7.234 ]
 [ 7.4427  7.8288]
 [10.4636  9.9838]
 [ 8.6777 11.5813]
 [ 8.0769  7.9819]
 [ 6.3979  7.51  ]
 [ 8.7869  8.826 ]
 [ 7.5483 11.7755]
 [64.4973 34.4451]
 [ 4.0431  4.7653]
 [22.6762 24.1148]
 [10.5    11.1068]
 [ 7.2244  6.8646]
 [10.5    11.1401]
 [ 0.      0.    ]
 [ 6.6895  7.6797]
 [ 9.0334 17.8501]
 [ 9.1663  9.4207]
 [14.9775 10.4218]
 [ 7.7993  7.2153]
 [ 6.3234  8.5215]
 [ 7.0954  8.0123]
 [ 0.      0.    ]
 [12.967   8.292 ]
 [10.5    12.1761]
 [ 6.8206  5.9209]
 [ 0.      0.4322]
 [ 8.4378  8.4899]
 [25.92   18.2756]
 [ 0.      0.    ]
 [ 6.4984  6.8363]
 [ 6.7069  6.965 ]
 [ 0.      0.    ]
 [ 4.2931  5.6662]
 [ 4.9616  5.5845]]
['/home/Projects/a2i2rl/NeurIPS_Auto_Bidding_General_Track_Baseline/main', '/sw/software/EasyBuild/4.4.1/lib/python3.8/site-packages', '/home/Projects/a2i2rl/NeurIPS_Auto_Bidding_General_Track_Baseline/nips-bidding-env/lib/python39.zip', '/home/Projects/a2i2rl/NeurIPS_Auto_Bidding_General_Track_Baseline/nips-bidding-env/lib/python3.9', '/home/Projects/a2i2rl/NeurIPS_Auto_Bidding_General_Track_Baseline/nips-bidding-env/lib/python3.9/lib-dynload', '/home/Projects/a2i2rl/NeurIPS_Auto_Bidding_General_Track_Baseline/nips-bidding-env/lib/python3.9/site-packages', '/home/Projects/a2i2rl/NeurIPS_Auto_Bidding_General_Track_Baseline']
16128
action VS pred action: [[ 7.3656  8.6342]
 [ 5.3236  6.7519]
 [ 8.9164  8.7475]
 [11.3856 10.4393]
 [ 0.      7.8634]
 [ 9.2348  9.5565]
 [10.4689 10.5144]
 [ 5.4769  9.9266]
 [13.4293 14.5248]
 [ 0.      1.428 ]
 [ 8.     10.7972]
 [10.5     9.8155]
 [ 4.3086  6.5589]
 [20.3745 18.0512]
 [ 8.1866  6.7514]
 [ 8.1667  6.3732]
 [21.9516 15.4464]
 [ 6.5804  8.09  ]
 [10.2166  9.837 ]
 [ 0.      0.    ]
 [ 9.1134  8.5889]
 [ 5.2007  8.2044]
 [18.7524 11.4026]
 [ 7.375  23.1083]
 [ 9.8253 10.2477]
 [ 8.     10.5976]
 [ 7.6381  6.8502]
 [ 5.6932  7.9161]
 [ 9.8904 11.1471]
 [ 7.5104  7.6618]
 [ 8.8461  8.1575]
 [14.6374 10.8215]
 [ 8.9718 10.9119]
 [ 0.      0.0155]
 [ 7.5507  9.034 ]
 [ 8.2813  7.3909]
 [12.1082  9.6801]
 [ 6.6397  8.5909]
 [13.0081 10.6474]
 [ 9.5516 12.4519]
 [10.6687 14.467 ]
 [ 0.      0.8061]
 [ 6.7855  8.4333]
 [ 9.3046 10.4297]
 [ 6.5676  7.8568]
 [13.5    17.6903]
 [ 9.4089  9.7865]
 [ 8.9617 15.5859]
 [ 0.      0.0909]
 [11.5693  8.6421]
 [ 0.      6.9325]
 [ 6.4984 10.4177]
 [ 8.2583  6.5966]
 [ 9.8789  8.577 ]
 [ 4.7177  6.8001]
 [ 6.7569  8.9516]
 [20.5513 10.7288]
 [ 4.5697  8.2345]
 [12.8802  9.3683]
 [ 0.      0.0584]
 [ 8.4018 11.4481]
 [ 8.1415  2.7998]
 [ 6.7791  9.5793]
 [ 0.      0.    ]
 [21.3968 15.1217]
 [ 8.      9.4016]
 [ 8.9146  9.5312]
 [ 6.3632  8.1286]
 [ 3.4268  2.0019]
 [11.5166  9.9434]
 [ 2.7405  5.0646]
 [21.6    10.5563]
 [ 0.      0.    ]
 [ 9.1465 12.1745]
 [ 9.2311 10.1258]
 [ 9.1972  9.9473]
 [15.6097  9.9144]
 [ 0.8343  2.8114]
 [ 7.1264  9.5056]
 [ 5.6499  7.9792]
 [10.5     9.095 ]
 [22.5341 11.7579]
 [13.5368  6.6354]
 [ 4.2829  7.2967]
 [ 0.      0.9931]
 [11.2422  7.6504]
 [11.6603  9.7045]
 [ 0.      0.    ]
 [ 5.2316  6.273 ]
 [ 9.6475 11.4444]
 [ 9.0334 12.8573]
 [ 8.4953  7.4355]
 [11.0181  9.6942]
 [ 6.4763  8.7389]
 [ 9.2519  7.9688]
 [ 8.9932  7.2689]
 [ 8.4648  8.8841]
 [15.3477  9.472 ]
 [ 8.2393  5.184 ]
 [ 9.9858  9.2627]]
